<?xml version="1.0" encoding="UTF-8"?>
<!-- Generated by org.testng.reporters.JUnitReportReporter -->
<testsuite hostname="FarhanKhalid" failures="0" tests="1" name="test2.Class2" time="11.936" errors="0" timestamp="2022-12-04T23:15:28 EST" skipped="0">
  <testcase classname="test2.Class2" name="Alert" time="11.936"/>
  <system-out/>
</testsuite> <!-- test2.Class2 -->
